{
"contracts\\Tcoin.sol":{"l":{"19":40,"28":1,"36":1},"path":"C:\\Users\\nnhoa\\Desktop\\d-ticketmaster-nnhphong\\smartcontracts\\contracts\\Tcoin.sol","s":{"1":40,"2":1,"3":1},"b":{"1":[1,1]},"f":{"1":40,"2":1,"3":1},"fnMap":{"1":{"name":"constructor","line":18,"loc":{"start":{"line":18,"column":4},"end":{"line":20,"column":4}}},"2":{"name":"mint","line":27,"loc":{"start":{"line":27,"column":4},"end":{"line":29,"column":4}}},"3":{"name":"burn","line":35,"loc":{"start":{"line":35,"column":4},"end":{"line":37,"column":4}}}},"statementMap":{"1":{"start":{"line":19,"column":8},"end":{"line":19,"column":49}},"2":{"start":{"line":28,"column":8},"end":{"line":28,"column":24}},"3":{"start":{"line":36,"column":8},"end":{"line":36,"column":32}}},"branchMap":{"1":{"line":35,"type":"if","locations":[{"start":{"line":35,"column":41},"end":{"line":35,"column":41}},{"start":{"line":35,"column":41},"end":{"line":35,"column":41}}]}}},
"contracts\\TicketMarketplace.sol":{"l":{"83":31,"84":31,"92":3,"93":2,"116":35,"117":34,"128":34,"129":34,"131":34,"132":34,"133":34,"144":15,"145":15,"146":15,"147":14,"148":13,"149":10,"152":10,"153":9,"155":9,"163":5,"164":5,"165":5,"166":1,"167":1,"168":1,"169":1,"172":1,"173":1,"174":1,"175":1,"184":1,"185":1,"194":3,"195":2,"196":1,"207":2,"208":2,"209":2,"210":2,"222":2,"223":2,"224":2,"225":1,"234":2,"241":1,"249":2,"250":1,"258":2,"259":1,"267":1,"275":1},"path":"C:\\Users\\nnhoa\\Desktop\\d-ticketmaster-nnhphong\\smartcontracts\\contracts\\TicketMarketplace.sol","s":{"1":3,"2":35,"3":34,"4":34,"5":15,"6":15,"7":15,"8":14,"9":13,"10":10,"11":10,"12":9,"13":5,"14":5,"15":5,"16":1,"17":1,"18":1,"19":1,"20":1,"21":1,"22":1,"23":1,"24":3,"25":2,"26":1,"27":2,"28":2,"29":2,"30":2,"31":2,"32":2,"33":2,"34":1,"35":2,"36":2,"37":1},"b":{"1":[2,1],"2":[35,0],"3":[34,1],"4":[15,1],"5":[14,1],"6":[13,1],"7":[10,3],"8":[10,0],"9":[5,0],"10":[1,4],"11":[1,0],"12":[1,0],"13":[1,0],"14":[1,0],"15":[1,1],"16":[3,0],"17":[2,1],"18":[1,1],"19":[3,0],"20":[2,1],"21":[2,0],"22":[2,0],"23":[2,0],"24":[1,1],"25":[2,1],"26":[1,0],"27":[2,0],"28":[1,1],"29":[2,0],"30":[1,1],"31":[1,1],"32":[1,1]},"f":{"1":31,"2":3,"3":35,"4":15,"5":5,"6":1,"7":3,"8":2,"9":2,"10":2,"11":1,"12":2,"13":2,"14":1,"15":1},"fnMap":{"1":{"name":"constructor","line":82,"loc":{"start":{"line":82,"column":4},"end":{"line":85,"column":4}}},"2":{"name":"onlyTicketOwner","line":91,"loc":{"start":{"line":91,"column":4},"end":{"line":94,"column":4}}},"3":{"name":"createEvent","line":115,"loc":{"start":{"line":106,"column":4},"end":{"line":134,"column":4}}},"4":{"name":"buyTicket","line":143,"loc":{"start":{"line":143,"column":4},"end":{"line":156,"column":4}}},"5":{"name":"buyResaleTicket","line":162,"loc":{"start":{"line":162,"column":4},"end":{"line":176,"column":4}}},"6":{"name":"transferTicket","line":183,"loc":{"start":{"line":183,"column":4},"end":{"line":186,"column":4}}},"7":{"name":"verifyTicket","line":193,"loc":{"start":{"line":193,"column":4},"end":{"line":197,"column":4}}},"8":{"name":"listTicketForSale","line":206,"loc":{"start":{"line":206,"column":4},"end":{"line":211,"column":4}}},"9":{"name":"setTicketPrice","line":221,"loc":{"start":{"line":221,"column":4},"end":{"line":226,"column":4}}},"10":{"name":"pauseMarketPlace","line":233,"loc":{"start":{"line":233,"column":4},"end":{"line":235,"column":4}}},"11":{"name":"resumeMarketPlace","line":240,"loc":{"start":{"line":240,"column":4},"end":{"line":242,"column":4}}},"12":{"name":"setRoyaltyPercentage","line":248,"loc":{"start":{"line":248,"column":4},"end":{"line":251,"column":4}}},"13":{"name":"setPlatformFeePercentage","line":257,"loc":{"start":{"line":257,"column":4},"end":{"line":260,"column":4}}},"14":{"name":"setAdmin","line":266,"loc":{"start":{"line":266,"column":4},"end":{"line":268,"column":4}}},"15":{"name":"setTreasuryWallet","line":274,"loc":{"start":{"line":274,"column":4},"end":{"line":276,"column":4}}}},"statementMap":{"1":{"start":{"line":92,"column":8},"end":{"line":92,"column":67}},"2":{"start":{"line":116,"column":8},"end":{"line":116,"column":105}},"3":{"start":{"line":128,"column":8},"end":{"line":128,"column":4772}},"4":{"start":{"line":132,"column":8},"end":{"line":132,"column":58}},"5":{"start":{"line":144,"column":8},"end":{"line":144,"column":46}},"6":{"start":{"line":145,"column":8},"end":{"line":145,"column":49}},"7":{"start":{"line":146,"column":8},"end":{"line":146,"column":61}},"8":{"start":{"line":147,"column":8},"end":{"line":147,"column":68}},"9":{"start":{"line":148,"column":8},"end":{"line":148,"column":116}},"10":{"start":{"line":149,"column":8},"end":{"line":149,"column":141}},"11":{"start":{"line":152,"column":8},"end":{"line":152,"column":38}},"12":{"start":{"line":155,"column":8},"end":{"line":155,"column":59}},"13":{"start":{"line":163,"column":8},"end":{"line":163,"column":49}},"14":{"start":{"line":164,"column":8},"end":{"line":164,"column":56}},"15":{"start":{"line":165,"column":8},"end":{"line":165,"column":57}},"16":{"start":{"line":166,"column":8},"end":{"line":166,"column":85}},"17":{"start":{"line":167,"column":8},"end":{"line":167,"column":101}},"18":{"start":{"line":168,"column":8},"end":{"line":168,"column":128}},"19":{"start":{"line":169,"column":8},"end":{"line":169,"column":141}},"20":{"start":{"line":174,"column":8},"end":{"line":174,"column":57}},"21":{"start":{"line":175,"column":8},"end":{"line":175,"column":66}},"22":{"start":{"line":184,"column":8},"end":{"line":184,"column":42}},"23":{"start":{"line":185,"column":8},"end":{"line":185,"column":56}},"24":{"start":{"line":194,"column":8},"end":{"line":194,"column":65}},"25":{"start":{"line":195,"column":8},"end":{"line":195,"column":71}},"26":{"start":{"line":196,"column":8},"end":{"line":196,"column":19}},"27":{"start":{"line":207,"column":8},"end":{"line":207,"column":57}},"28":{"start":{"line":208,"column":8},"end":{"line":208,"column":97}},"29":{"start":{"line":210,"column":8},"end":{"line":210,"column":42}},"30":{"start":{"line":222,"column":8},"end":{"line":222,"column":46}},"31":{"start":{"line":223,"column":8},"end":{"line":223,"column":49}},"32":{"start":{"line":224,"column":8},"end":{"line":224,"column":69}},"33":{"start":{"line":234,"column":8},"end":{"line":234,"column":15}},"34":{"start":{"line":241,"column":8},"end":{"line":241,"column":17}},"35":{"start":{"line":249,"column":8},"end":{"line":249,"column":55}},"36":{"start":{"line":258,"column":8},"end":{"line":258,"column":55}},"37":{"start":{"line":267,"column":8},"end":{"line":267,"column":31}}},"branchMap":{"1":{"line":92,"type":"if","locations":[{"start":{"line":92,"column":8},"end":{"line":92,"column":8}},{"start":{"line":92,"column":8},"end":{"line":92,"column":8}}]},"2":{"line":115,"type":"if","locations":[{"start":{"line":115,"column":15},"end":{"line":115,"column":15}},{"start":{"line":115,"column":15},"end":{"line":115,"column":15}}]},"3":{"line":116,"type":"if","locations":[{"start":{"line":116,"column":8},"end":{"line":116,"column":8}},{"start":{"line":116,"column":8},"end":{"line":116,"column":8}}]},"4":{"line":143,"type":"if","locations":[{"start":{"line":143,"column":61},"end":{"line":143,"column":61}},{"start":{"line":143,"column":61},"end":{"line":143,"column":61}}]},"5":{"line":146,"type":"if","locations":[{"start":{"line":146,"column":8},"end":{"line":146,"column":8}},{"start":{"line":146,"column":8},"end":{"line":146,"column":8}}]},"6":{"line":147,"type":"if","locations":[{"start":{"line":147,"column":8},"end":{"line":147,"column":8}},{"start":{"line":147,"column":8},"end":{"line":147,"column":8}}]},"7":{"line":148,"type":"if","locations":[{"start":{"line":148,"column":8},"end":{"line":148,"column":8}},{"start":{"line":148,"column":8},"end":{"line":148,"column":8}}]},"8":{"line":149,"type":"if","locations":[{"start":{"line":149,"column":8},"end":{"line":149,"column":8}},{"start":{"line":149,"column":8},"end":{"line":149,"column":8}}]},"9":{"line":162,"type":"if","locations":[{"start":{"line":162,"column":53},"end":{"line":162,"column":53}},{"start":{"line":162,"column":53},"end":{"line":162,"column":53}}]},"10":{"line":165,"type":"if","locations":[{"start":{"line":165,"column":8},"end":{"line":165,"column":8}},{"start":{"line":165,"column":8},"end":{"line":165,"column":8}}]},"11":{"line":166,"type":"if","locations":[{"start":{"line":166,"column":8},"end":{"line":166,"column":8}},{"start":{"line":166,"column":8},"end":{"line":166,"column":8}}]},"12":{"line":167,"type":"if","locations":[{"start":{"line":167,"column":8},"end":{"line":167,"column":8}},{"start":{"line":167,"column":8},"end":{"line":167,"column":8}}]},"13":{"line":168,"type":"if","locations":[{"start":{"line":168,"column":8},"end":{"line":168,"column":8}},{"start":{"line":168,"column":8},"end":{"line":168,"column":8}}]},"14":{"line":169,"type":"if","locations":[{"start":{"line":169,"column":8},"end":{"line":169,"column":8}},{"start":{"line":169,"column":8},"end":{"line":169,"column":8}}]},"15":{"line":183,"type":"if","locations":[{"start":{"line":183,"column":64},"end":{"line":183,"column":64}},{"start":{"line":183,"column":64},"end":{"line":183,"column":64}}]},"16":{"line":193,"type":"if","locations":[{"start":{"line":193,"column":55},"end":{"line":193,"column":55}},{"start":{"line":193,"column":55},"end":{"line":193,"column":55}}]},"17":{"line":194,"type":"if","locations":[{"start":{"line":194,"column":8},"end":{"line":194,"column":8}},{"start":{"line":194,"column":8},"end":{"line":194,"column":8}}]},"18":{"line":195,"type":"if","locations":[{"start":{"line":195,"column":8},"end":{"line":195,"column":8}},{"start":{"line":195,"column":8},"end":{"line":195,"column":8}}]},"19":{"line":206,"type":"if","locations":[{"start":{"line":206,"column":67},"end":{"line":206,"column":67}},{"start":{"line":206,"column":67},"end":{"line":206,"column":67}}]},"20":{"line":206,"type":"if","locations":[{"start":{"line":206,"column":81},"end":{"line":206,"column":81}},{"start":{"line":206,"column":81},"end":{"line":206,"column":81}}]},"21":{"line":207,"type":"if","locations":[{"start":{"line":207,"column":8},"end":{"line":207,"column":8}},{"start":{"line":207,"column":8},"end":{"line":207,"column":8}}]},"22":{"line":208,"type":"if","locations":[{"start":{"line":208,"column":8},"end":{"line":208,"column":8}},{"start":{"line":208,"column":8},"end":{"line":208,"column":8}}]},"23":{"line":221,"type":"if","locations":[{"start":{"line":221,"column":84},"end":{"line":221,"column":84}},{"start":{"line":221,"column":84},"end":{"line":221,"column":84}}]},"24":{"line":224,"type":"if","locations":[{"start":{"line":224,"column":8},"end":{"line":224,"column":8}},{"start":{"line":224,"column":8},"end":{"line":224,"column":8}}]},"25":{"line":233,"type":"if","locations":[{"start":{"line":233,"column":41},"end":{"line":233,"column":41}},{"start":{"line":233,"column":41},"end":{"line":233,"column":41}}]},"26":{"line":240,"type":"if","locations":[{"start":{"line":240,"column":42},"end":{"line":240,"column":42}},{"start":{"line":240,"column":42},"end":{"line":240,"column":42}}]},"27":{"line":248,"type":"if","locations":[{"start":{"line":248,"column":60},"end":{"line":248,"column":60}},{"start":{"line":248,"column":60},"end":{"line":248,"column":60}}]},"28":{"line":249,"type":"if","locations":[{"start":{"line":249,"column":8},"end":{"line":249,"column":8}},{"start":{"line":249,"column":8},"end":{"line":249,"column":8}}]},"29":{"line":257,"type":"if","locations":[{"start":{"line":257,"column":64},"end":{"line":257,"column":64}},{"start":{"line":257,"column":64},"end":{"line":257,"column":64}}]},"30":{"line":258,"type":"if","locations":[{"start":{"line":258,"column":8},"end":{"line":258,"column":8}},{"start":{"line":258,"column":8},"end":{"line":258,"column":8}}]},"31":{"line":266,"type":"if","locations":[{"start":{"line":266,"column":46},"end":{"line":266,"column":46}},{"start":{"line":266,"column":46},"end":{"line":266,"column":46}}]},"32":{"line":274,"type":"if","locations":[{"start":{"line":274,"column":56},"end":{"line":274,"column":56}},{"start":{"line":274,"column":56},"end":{"line":274,"column":56}}]}}}}
