TN:
SF:C:\Users\nnhoa\Desktop\d-ticketmaster-nnhphong\smartcontracts\contracts\Tcoin.sol
FN:18,constructor
FN:27,mint
FN:35,burn
FNF:3
FNH:3
FNDA:40,constructor
FNDA:1,mint
FNDA:1,burn
DA:19,40
DA:28,1
DA:36,1
LF:3
LH:3
BRDA:35,1,0,1
BRDA:35,1,1,1
BRF:2
BRH:2
end_of_record
TN:
SF:C:\Users\nnhoa\Desktop\d-ticketmaster-nnhphong\smartcontracts\contracts\TicketMarketplace.sol
FN:82,constructor
FN:91,onlyTicketOwner
FN:115,createEvent
FN:143,buyTicket
FN:162,buyResaleTicket
FN:183,transferTicket
FN:193,verifyTicket
FN:206,listTicketForSale
FN:221,setTicketPrice
FN:233,pauseMarketPlace
FN:240,resumeMarketPlace
FN:248,setRoyaltyPercentage
FN:257,setPlatformFeePercentage
FN:266,setAdmin
FN:274,setTreasuryWallet
FNF:15
FNH:15
FNDA:31,constructor
FNDA:3,onlyTicketOwner
FNDA:35,createEvent
FNDA:15,buyTicket
FNDA:5,buyResaleTicket
FNDA:1,transferTicket
FNDA:3,verifyTicket
FNDA:2,listTicketForSale
FNDA:2,setTicketPrice
FNDA:2,pauseMarketPlace
FNDA:1,resumeMarketPlace
FNDA:2,setRoyaltyPercentage
FNDA:2,setPlatformFeePercentage
FNDA:1,setAdmin
FNDA:1,setTreasuryWallet
DA:83,31
DA:84,31
DA:92,3
DA:93,2
DA:116,35
DA:117,34
DA:128,34
DA:129,34
DA:131,34
DA:132,34
DA:133,34
DA:144,15
DA:145,15
DA:146,15
DA:147,14
DA:148,13
DA:149,10
DA:152,10
DA:153,9
DA:155,9
DA:163,5
DA:164,5
DA:165,5
DA:166,1
DA:167,1
DA:168,1
DA:169,1
DA:172,1
DA:173,1
DA:174,1
DA:175,1
DA:184,1
DA:185,1
DA:194,3
DA:195,2
DA:196,1
DA:207,2
DA:208,2
DA:209,2
DA:210,2
DA:222,2
DA:223,2
DA:224,2
DA:225,1
DA:234,2
DA:241,1
DA:249,2
DA:250,1
DA:258,2
DA:259,1
DA:267,1
DA:275,1
LF:52
LH:52
BRDA:92,1,0,2
BRDA:92,1,1,1
BRDA:115,2,0,35
BRDA:115,2,1,0
BRDA:116,3,0,34
BRDA:116,3,1,1
BRDA:143,4,0,15
BRDA:143,4,1,1
BRDA:146,5,0,14
BRDA:146,5,1,1
BRDA:147,6,0,13
BRDA:147,6,1,1
BRDA:148,7,0,10
BRDA:148,7,1,3
BRDA:149,8,0,10
BRDA:149,8,1,0
BRDA:162,9,0,5
BRDA:162,9,1,0
BRDA:165,10,0,1
BRDA:165,10,1,4
BRDA:166,11,0,1
BRDA:166,11,1,0
BRDA:167,12,0,1
BRDA:167,12,1,0
BRDA:168,13,0,1
BRDA:168,13,1,0
BRDA:169,14,0,1
BRDA:169,14,1,0
BRDA:183,15,0,1
BRDA:183,15,1,1
BRDA:193,16,0,3
BRDA:193,16,1,0
BRDA:194,17,0,2
BRDA:194,17,1,1
BRDA:195,18,0,1
BRDA:195,18,1,1
BRDA:206,19,0,3
BRDA:206,19,1,0
BRDA:206,20,0,2
BRDA:206,20,1,1
BRDA:207,21,0,2
BRDA:207,21,1,0
BRDA:208,22,0,2
BRDA:208,22,1,0
BRDA:221,23,0,2
BRDA:221,23,1,0
BRDA:224,24,0,1
BRDA:224,24,1,1
BRDA:233,25,0,2
BRDA:233,25,1,1
BRDA:240,26,0,1
BRDA:240,26,1,0
BRDA:248,27,0,2
BRDA:248,27,1,0
BRDA:249,28,0,1
BRDA:249,28,1,1
BRDA:257,29,0,2
BRDA:257,29,1,0
BRDA:258,30,0,1
BRDA:258,30,1,1
BRDA:266,31,0,1
BRDA:266,31,1,1
BRDA:274,32,0,1
BRDA:274,32,1,1
BRF:64
BRH:49
end_of_record
